[0mk4a found[0m
In file included from [01m[K/home/bwilab/fri_ws/src/Azure_Kinect_ROS2_Driver/src/k4a_calibration_transform_data.cpp:18[m[K:
[01m[K/opt/ros/humble/include/tf2_geometry_msgs/tf2_geometry_msgs/tf2_geometry_msgs.h:35:2:[m[K [01;35m[Kwarning: [m[K#warning This header is obsolete, please include tf2_geometry_msgs/tf2_geometry_msgs.hpp instead [[01;35m[K]8;;https://gcc.gnu.org/onlinedocs/gcc/Warning-Options.html#index-Wcpp-Wcpp]8;;[m[K]
   35 | #[01;35m[Kwarning[m[K This header is obsolete, please include tf2_geometry_msgs/tf2_geometry_msgs.hpp instead
      |  [01;35m[K^~~~~~~[m[K
In file included from [01m[K/home/bwilab/fri_ws/src/Azure_Kinect_ROS2_Driver/src/k4a_ros_device.cpp:6[m[K:
[01m[K/home/bwilab/fri_ws/src/Azure_Kinect_ROS2_Driver/include/azure_kinect_ros2_driver/k4a_ros_device.h:[m[K In constructor â€˜[01m[KK4AROS2Device::K4AROS2Device()[m[Kâ€™:
[01m[K/home/bwilab/fri_ws/src/Azure_Kinect_ROS2_Driver/include/azure_kinect_ros2_driver/k4a_ros_device.h:153:25:[m[K [01;35m[Kwarning: [m[Kâ€˜[01m[KK4AROS2Device::last_capture_time_usec_[m[Kâ€™ will be initialized after [[01;35m[K]8;;https://gcc.gnu.org/onlinedocs/gcc/Warning-Options.html#index-Wreorder-Wreorder]8;;[m[K]
  153 |     std::atomic_int64_t [01;35m[Klast_capture_time_usec_[m[K;
      |                         [01;35m[K^~~~~~~~~~~~~~~~~~~~~~~[m[K
[01m[K/home/bwilab/fri_ws/src/Azure_Kinect_ROS2_Driver/include/azure_kinect_ros2_driver/k4a_ros_device.h:110:17:[m[K [01;35m[Kwarning: [m[K  â€˜[01m[Krclcpp::QoS K4AROS2Device::qos_[m[Kâ€™ [[01;35m[K]8;;https://gcc.gnu.org/onlinedocs/gcc/Warning-Options.html#index-Wreorder-Wreorder]8;;[m[K]
  110 |     rclcpp::QoS [01;35m[Kqos_[m[K;
      |                 [01;35m[K^~~~[m[K
[01m[K/home/bwilab/fri_ws/src/Azure_Kinect_ROS2_Driver/src/k4a_ros_device.cpp:35:1:[m[K [01;35m[Kwarning: [m[K  when initialized here [[01;35m[K]8;;https://gcc.gnu.org/onlinedocs/gcc/Warning-Options.html#index-Wreorder-Wreorder]8;;[m[K]
   35 | [01;35m[KK4AROS2Device[m[K::K4AROS2Device()
      | [01;35m[K^~~~~~~~~~~~~[m[K
In file included from [01m[K/home/bwilab/fri_ws/src/Azure_Kinect_ROS2_Driver/src/k4a_ros_device.cpp:6[m[K:
[01m[K/home/bwilab/fri_ws/src/Azure_Kinect_ROS2_Driver/include/azure_kinect_ros2_driver/k4a_ros_device.h:156:26:[m[K [01;35m[Kwarning: [m[Kâ€˜[01m[KK4AROS2Device::last_imu_time_usec_[m[Kâ€™ will be initialized after [[01;35m[K]8;;https://gcc.gnu.org/onlinedocs/gcc/Warning-Options.html#index-Wreorder-Wreorder]8;;[m[K]
  156 |     std::atomic_uint64_t [01;35m[Klast_imu_time_usec_[m[K;
      |                          [01;35m[K^~~~~~~~~~~~~~~~~~~[m[K
[01m[K/home/bwilab/fri_ws/src/Azure_Kinect_ROS2_Driver/include/azure_kinect_ros2_driver/k4a_ros_device.h:135:10:[m[K [01;35m[Kwarning: [m[K  â€˜[01m[Kbool K4AROS2Device::process_cloud_[m[Kâ€™ [[01;35m[K]8;;https://gcc.gnu.org/onlinedocs/gcc/Warning-Options.html#index-Wreorder-Wreorder]8;;[m[K]
  135 |     bool [01;35m[Kprocess_cloud_[m[K;
      |          [01;35m[K^~~~~~~~~~~~~~[m[K
[01m[K/home/bwilab/fri_ws/src/Azure_Kinect_ROS2_Driver/src/k4a_ros_device.cpp:35:1:[m[K [01;35m[Kwarning: [m[K  when initialized here [[01;35m[K]8;;https://gcc.gnu.org/onlinedocs/gcc/Warning-Options.html#index-Wreorder-Wreorder]8;;[m[K]
   35 | [01;35m[KK4AROS2Device[m[K::K4AROS2Device()
      | [01;35m[K^~~~~~~~~~~~~[m[K
[01m[K/home/bwilab/fri_ws/src/Azure_Kinect_ROS2_Driver/src/k4a_ros_device.cpp:205:14:[m[K [01;35m[Kwarning: [m[Kcatching polymorphic type â€˜[01m[Kclass std::exception[m[Kâ€™ by value [[01;35m[K]8;;https://gcc.gnu.org/onlinedocs/gcc/Warning-Options.html#index-Wcatch-value=-Wcatch-value=]8;;[m[K]
  205 |       catch ([01;35m[Kexception[m[K)
      |              [01;35m[K^~~~~~~~~[m[K
[01m[K/home/bwilab/fri_ws/src/Azure_Kinect_ROS2_Driver/src/k4a_ros_device.cpp:[m[K In member function â€˜[01m[Kvoid K4AROS2Device::framePublisherThread()[m[Kâ€™:
[01m[K/home/bwilab/fri_ws/src/Azure_Kinect_ROS2_Driver/src/k4a_ros_device.cpp:776:21:[m[K [01;35m[Kwarning: [m[Kunused variable â€˜[01m[Kwait_result[m[Kâ€™ [[01;35m[K]8;;https://gcc.gnu.org/onlinedocs/gcc/Warning-Options.html#index-Wunused-variable-Wunused-variable]8;;[m[K]
  776 |   k4a_wait_result_t [01;35m[Kwait_result[m[K;
      |                     [01;35m[K^~~~~~~~~~~[m[K
[01m[K/home/bwilab/fri_ws/src/Azure_Kinect_ROS2_Driver/src/k4a_ros_device.cpp:[m[K In member function â€˜[01m[Kvoid K4AROS2Device::imuPublisherThread()[m[Kâ€™:
[01m[K/home/bwilab/fri_ws/src/Azure_Kinect_ROS2_Driver/src/k4a_ros_device.cpp:1218:34:[m[K [01;35m[Kwarning: [m[Kcomparison of integer expressions of different signedness: â€˜[01m[Kstd::__atomic_base<long unsigned int>::__int_type[m[Kâ€™ {aka â€˜[01m[Klong unsigned int[m[Kâ€™} and â€˜[01m[Kstd::__atomic_base<long int>::__int_type[m[Kâ€™ {aka â€˜[01m[Klong int[m[Kâ€™} [[01;35m[K]8;;https://gcc.gnu.org/onlinedocs/gcc/Warning-Options.html#index-Wsign-compare-Wsign-compare]8;;[m[K]
 1218 |       while ([01;35m[Klast_imu_time_usec_ <= last_capture_time_usec_[m[K && !imu_stream_end_of_file_)
      |              [01;35m[K~~~~~~~~~~~~~~~~~~~~^~~~~~~~~~~~~~~~~~~~~~~~~~[m[K
/usr/bin/ld: /lib/x86_64-linux-gnu/libnetcdf.so.19: undefined reference to `curl_global_cleanup@CURL_OPENSSL_4'
/usr/bin/ld: /lib/libgdal.so.30: undefined reference to `curl_easy_getinfo@CURL_OPENSSL_4'
/usr/bin/ld: /lib/libgdal.so.30: undefined reference to `curl_multi_cleanup@CURL_OPENSSL_4'
/usr/bin/ld: /lib/libgdal.so.30: undefined reference to `curl_multi_perform@CURL_OPENSSL_4'
/usr/bin/ld: /lib/x86_64-linux-gnu/libnetcdf.so.19: undefined reference to `curl_global_init@CURL_OPENSSL_4'
/usr/bin/ld: /lib/libgdal.so.30: undefined reference to `curl_easy_perform@CURL_OPENSSL_4'
/usr/bin/ld: /lib/libgdal.so.30: undefined reference to `curl_mime_init@CURL_OPENSSL_4'
/usr/bin/ld: /lib/libgdal.so.30: undefined reference to `curl_easy_init@CURL_OPENSSL_4'
/usr/bin/ld: /lib/libgdal.so.30: undefined reference to `curl_multi_add_handle@CURL_OPENSSL_4'
/usr/bin/ld: /lib/libgdal.so.30: undefined reference to `curl_multi_remove_handle@CURL_OPENSSL_4'
/usr/bin/ld: /lib/libgdal.so.30: undefined reference to `curl_mime_addpart@CURL_OPENSSL_4'
/usr/bin/ld: /lib/libgdal.so.30: undefined reference to `curl_version_info@CURL_OPENSSL_4'
/usr/bin/ld: /lib/libgdal.so.30: undefined reference to `curl_mime_name@CURL_OPENSSL_4'
/usr/bin/ld: /lib/libgdal.so.30: undefined reference to `curl_mime_filename@CURL_OPENSSL_4'
/usr/bin/ld: /lib/libgdal.so.30: undefined reference to `curl_multi_info_read@CURL_OPENSSL_4'
/usr/bin/ld: /lib/libgdal.so.30: undefined reference to `curl_slist_free_all@CURL_OPENSSL_4'
/usr/bin/ld: /lib/x86_64-linux-gnu/libnetcdf.so.19: undefined reference to `curl_easy_strerror@CURL_OPENSSL_4'
/usr/bin/ld: /lib/libgdal.so.30: undefined reference to `curl_easy_setopt@CURL_OPENSSL_4'
/usr/bin/ld: /lib/libgdal.so.30: undefined reference to `curl_slist_append@CURL_OPENSSL_4'
/usr/bin/ld: /lib/libgdal.so.30: undefined reference to `curl_multi_poll@CURL_OPENSSL_4'
/usr/bin/ld: /lib/libgdal.so.30: undefined reference to `curl_version@CURL_OPENSSL_4'
/usr/bin/ld: /lib/libgdal.so.30: undefined reference to `curl_multi_setopt@CURL_OPENSSL_4'
/usr/bin/ld: /lib/libgdal.so.30: undefined reference to `curl_mime_data@CURL_OPENSSL_4'
/usr/bin/ld: /lib/libgdal.so.30: undefined reference to `curl_mime_free@CURL_OPENSSL_4'
/usr/bin/ld: /lib/libgdal.so.30: undefined reference to `curl_easy_cleanup@CURL_OPENSSL_4'
/usr/bin/ld: /lib/libgdal.so.30: undefined reference to `curl_multi_init@CURL_OPENSSL_4'
/usr/bin/ld: /lib/libgdal.so.30: undefined reference to `curl_mime_data_cb@CURL_OPENSSL_4'
/usr/bin/ld: /lib/libgdal.so.30: undefined reference to `curl_multi_wait@CURL_OPENSSL_4'
collect2: error: ld returned 1 exit status
gmake[2]: *** [CMakeFiles/azure_kinect_node.dir/build.make:260: azure_kinect_node] Error 1
gmake[1]: *** [CMakeFiles/Makefile2:140: CMakeFiles/azure_kinect_node.dir/all] Error 2
gmake: *** [Makefile:146: all] Error 2
