-- The C compiler identification is GNU 12.1.0
-- The CXX compiler identification is GNU 11.4.0
-- Detecting C compiler ABI info
-- Detecting C compiler ABI info - done
-- Check for working C compiler: /home/bwilab/miniconda3/bin/cc - skipped
-- Detecting C compile features
-- Detecting C compile features - done
-- Detecting CXX compiler ABI info
-- Detecting CXX compiler ABI info - done
-- Check for working CXX compiler: /usr/bin/c++ - skipped
-- Detecting CXX compile features
-- Detecting CXX compile features - done
-- Found ament_cmake: 1.3.10 (/opt/ros/humble/share/ament_cmake/cmake)
-- Found Python3: /home/bwilab/miniconda3/bin/python3 (found version "3.12.2") found components: Interpreter 
-- Found rclcpp: 16.0.10 (/opt/ros/humble/share/rclcpp/cmake)
-- Found rosidl_generator_c: 3.1.5 (/opt/ros/humble/share/rosidl_generator_c/cmake)
-- Found rosidl_adapter: 3.1.5 (/opt/ros/humble/share/rosidl_adapter/cmake)
-- Found rosidl_generator_cpp: 3.1.5 (/opt/ros/humble/share/rosidl_generator_cpp/cmake)
-- Using all available rosidl_typesupport_c: rosidl_typesupport_fastrtps_c;rosidl_typesupport_introspection_c
-- Using all available rosidl_typesupport_cpp: rosidl_typesupport_fastrtps_cpp;rosidl_typesupport_introspection_cpp
-- Found rmw_implementation_cmake: 6.1.2 (/opt/ros/humble/share/rmw_implementation_cmake/cmake)
-- Found rmw_fastrtps_cpp: 6.2.7 (/opt/ros/humble/share/rmw_fastrtps_cpp/cmake)
-- Found OpenSSL: /usr/lib/x86_64-linux-gnu/libcrypto.so (found version "3.0.2")  
-- Found FastRTPS: /opt/ros/humble/include  
-- Using RMW implementation 'rmw_fastrtps_cpp' as default
-- Performing Test CMAKE_HAVE_LIBC_PTHREAD
-- Performing Test CMAKE_HAVE_LIBC_PTHREAD - Failed
-- Looking for pthread_create in pthreads
-- Looking for pthread_create in pthreads - not found
-- Looking for pthread_create in pthread
-- Looking for pthread_create in pthread - found
-- Found Threads: TRUE  
-- Found sensor_msgs: 4.2.4 (/opt/ros/humble/share/sensor_msgs/cmake)
-- Found image_transport: 3.1.9 (/opt/ros/humble/share/image_transport/cmake)
-- Found tf2_ros: 0.25.8 (/opt/ros/humble/share/tf2_ros/cmake)
-- Found tf2_geometry_msgs: 0.25.8 (/opt/ros/humble/share/tf2_geometry_msgs/cmake)
-- Found eigen3_cmake_module: 0.1.1 (/opt/ros/humble/share/eigen3_cmake_module/cmake)
-- Found Eigen3: TRUE (found version "3.4.0") 
-- Ensuring Eigen3 include directory is part of orocos-kdl CMake target
-- Found angles: 1.15.0 (/opt/ros/humble/share/angles/cmake)
-- Found cv_bridge: 3.2.1 (/opt/ros/humble/share/cv_bridge/cmake)
-- Found rclpy: 3.3.14 (/opt/ros/humble/share/rclpy/cmake)
[0mk4a found[0m
-- Found ament_lint_auto: 0.12.11 (/opt/ros/humble/share/ament_lint_auto/cmake)
-- Added test 'cppcheck' to perform static code analysis on C / C++ code
-- Configured cppcheck include dirs: $<BUILD_INTERFACE:/home/bwilab/fri_ws/src/Azure_Kinect_ROS2_Driver/include>
-- Configured cppcheck exclude dirs and/or files: 
-- Added test 'flake8' to check Python code syntax and style conventions
-- Added test 'lint_cmake' to check CMake code style
-- Added test 'pep257' to check Python code against some of the docstring style conventions in PEP 257
-- Added test 'uncrustify' to check C / C++ code style
-- Configured uncrustify additional arguments: 
-- Added test 'xmllint' to check XML markup files
-- Configuring done (1.5s)
-- Generating done (0.0s)
-- Build files have been written to: /home/bwilab/fri_ws/src/build/azure_kinect_ros2_driver
[ 20%] [32mBuilding CXX object CMakeFiles/azure_kinect_node.dir/src/k4a_ros_node.cpp.o[0m
[ 40%] [32mBuilding CXX object CMakeFiles/azure_kinect_node.dir/src/k4a_ros_device.cpp.o[0m
[ 60%] [32mBuilding CXX object CMakeFiles/azure_kinect_node.dir/src/k4a_ros_device_params.cpp.o[0m
[ 80%] [32mBuilding CXX object CMakeFiles/azure_kinect_node.dir/src/k4a_calibration_transform_data.cpp.o[0m
[ 80%] Built target ament_cmake_python_copy_azure_kinect_ros2_driver
running egg_info
creating azure_kinect_ros2_driver.egg-info
writing azure_kinect_ros2_driver.egg-info/PKG-INFO
writing dependency_links to azure_kinect_ros2_driver.egg-info/dependency_links.txt
writing top-level names to azure_kinect_ros2_driver.egg-info/top_level.txt
writing manifest file 'azure_kinect_ros2_driver.egg-info/SOURCES.txt'
reading manifest file 'azure_kinect_ros2_driver.egg-info/SOURCES.txt'
writing manifest file 'azure_kinect_ros2_driver.egg-info/SOURCES.txt'
In file included from [01m[K/home/bwilab/fri_ws/src/Azure_Kinect_ROS2_Driver/src/k4a_calibration_transform_data.cpp:18[m[K:
[01m[K/opt/ros/humble/include/tf2_geometry_msgs/tf2_geometry_msgs/tf2_geometry_msgs.h:35:2:[m[K [01;35m[Kwarning: [m[K#warning This header is obsolete, please include tf2_geometry_msgs/tf2_geometry_msgs.hpp instead [[01;35m[K]8;;https://gcc.gnu.org/onlinedocs/gcc/Warning-Options.html#index-Wcpp-Wcpp]8;;[m[K]
   35 | #[01;35m[Kwarning[m[K This header is obsolete, please include tf2_geometry_msgs/tf2_geometry_msgs.hpp instead
      |  [01;35m[K^~~~~~~[m[K
[ 80%] Built target ament_cmake_python_build_azure_kinect_ros2_driver_egg
In file included from [01m[K/home/bwilab/fri_ws/src/Azure_Kinect_ROS2_Driver/src/k4a_ros_device.cpp:6[m[K:
[01m[K/home/bwilab/fri_ws/src/Azure_Kinect_ROS2_Driver/include/azure_kinect_ros2_driver/k4a_ros_device.h:[m[K In constructor â€˜[01m[KK4AROS2Device::K4AROS2Device()[m[Kâ€™:
[01m[K/home/bwilab/fri_ws/src/Azure_Kinect_ROS2_Driver/include/azure_kinect_ros2_driver/k4a_ros_device.h:153:25:[m[K [01;35m[Kwarning: [m[Kâ€˜[01m[KK4AROS2Device::last_capture_time_usec_[m[Kâ€™ will be initialized after [[01;35m[K]8;;https://gcc.gnu.org/onlinedocs/gcc/Warning-Options.html#index-Wreorder-Wreorder]8;;[m[K]
  153 |     std::atomic_int64_t [01;35m[Klast_capture_time_usec_[m[K;
      |                         [01;35m[K^~~~~~~~~~~~~~~~~~~~~~~[m[K
[01m[K/home/bwilab/fri_ws/src/Azure_Kinect_ROS2_Driver/include/azure_kinect_ros2_driver/k4a_ros_device.h:110:17:[m[K [01;35m[Kwarning: [m[K  â€˜[01m[Krclcpp::QoS K4AROS2Device::qos_[m[Kâ€™ [[01;35m[K]8;;https://gcc.gnu.org/onlinedocs/gcc/Warning-Options.html#index-Wreorder-Wreorder]8;;[m[K]
  110 |     rclcpp::QoS [01;35m[Kqos_[m[K;
      |                 [01;35m[K^~~~[m[K
[01m[K/home/bwilab/fri_ws/src/Azure_Kinect_ROS2_Driver/src/k4a_ros_device.cpp:35:1:[m[K [01;35m[Kwarning: [m[K  when initialized here [[01;35m[K]8;;https://gcc.gnu.org/onlinedocs/gcc/Warning-Options.html#index-Wreorder-Wreorder]8;;[m[K]
   35 | [01;35m[KK4AROS2Device[m[K::K4AROS2Device()
      | [01;35m[K^~~~~~~~~~~~~[m[K
In file included from [01m[K/home/bwilab/fri_ws/src/Azure_Kinect_ROS2_Driver/src/k4a_ros_device.cpp:6[m[K:
[01m[K/home/bwilab/fri_ws/src/Azure_Kinect_ROS2_Driver/include/azure_kinect_ros2_driver/k4a_ros_device.h:156:26:[m[K [01;35m[Kwarning: [m[Kâ€˜[01m[KK4AROS2Device::last_imu_time_usec_[m[Kâ€™ will be initialized after [[01;35m[K]8;;https://gcc.gnu.org/onlinedocs/gcc/Warning-Options.html#index-Wreorder-Wreorder]8;;[m[K]
  156 |     std::atomic_uint64_t [01;35m[Klast_imu_time_usec_[m[K;
      |                          [01;35m[K^~~~~~~~~~~~~~~~~~~[m[K
[01m[K/home/bwilab/fri_ws/src/Azure_Kinect_ROS2_Driver/include/azure_kinect_ros2_driver/k4a_ros_device.h:135:10:[m[K [01;35m[Kwarning: [m[K  â€˜[01m[Kbool K4AROS2Device::process_cloud_[m[Kâ€™ [[01;35m[K]8;;https://gcc.gnu.org/onlinedocs/gcc/Warning-Options.html#index-Wreorder-Wreorder]8;;[m[K]
  135 |     bool [01;35m[Kprocess_cloud_[m[K;
      |          [01;35m[K^~~~~~~~~~~~~~[m[K
[01m[K/home/bwilab/fri_ws/src/Azure_Kinect_ROS2_Driver/src/k4a_ros_device.cpp:35:1:[m[K [01;35m[Kwarning: [m[K  when initialized here [[01;35m[K]8;;https://gcc.gnu.org/onlinedocs/gcc/Warning-Options.html#index-Wreorder-Wreorder]8;;[m[K]
   35 | [01;35m[KK4AROS2Device[m[K::K4AROS2Device()
      | [01;35m[K^~~~~~~~~~~~~[m[K
[01m[K/home/bwilab/fri_ws/src/Azure_Kinect_ROS2_Driver/src/k4a_ros_device.cpp:205:14:[m[K [01;35m[Kwarning: [m[Kcatching polymorphic type â€˜[01m[Kclass std::exception[m[Kâ€™ by value [[01;35m[K]8;;https://gcc.gnu.org/onlinedocs/gcc/Warning-Options.html#index-Wcatch-value=-Wcatch-value=]8;;[m[K]
  205 |       catch ([01;35m[Kexception[m[K)
      |              [01;35m[K^~~~~~~~~[m[K
[01m[K/home/bwilab/fri_ws/src/Azure_Kinect_ROS2_Driver/src/k4a_ros_device.cpp:[m[K In member function â€˜[01m[Kvoid K4AROS2Device::framePublisherThread()[m[Kâ€™:
[01m[K/home/bwilab/fri_ws/src/Azure_Kinect_ROS2_Driver/src/k4a_ros_device.cpp:776:21:[m[K [01;35m[Kwarning: [m[Kunused variable â€˜[01m[Kwait_result[m[Kâ€™ [[01;35m[K]8;;https://gcc.gnu.org/onlinedocs/gcc/Warning-Options.html#index-Wunused-variable-Wunused-variable]8;;[m[K]
  776 |   k4a_wait_result_t [01;35m[Kwait_result[m[K;
      |                     [01;35m[K^~~~~~~~~~~[m[K
[01m[K/home/bwilab/fri_ws/src/Azure_Kinect_ROS2_Driver/src/k4a_ros_device.cpp:[m[K In member function â€˜[01m[Kvoid K4AROS2Device::imuPublisherThread()[m[Kâ€™:
[01m[K/home/bwilab/fri_ws/src/Azure_Kinect_ROS2_Driver/src/k4a_ros_device.cpp:1218:34:[m[K [01;35m[Kwarning: [m[Kcomparison of integer expressions of different signedness: â€˜[01m[Kstd::__atomic_base<long unsigned int>::__int_type[m[Kâ€™ {aka â€˜[01m[Klong unsigned int[m[Kâ€™} and â€˜[01m[Kstd::__atomic_base<long int>::__int_type[m[Kâ€™ {aka â€˜[01m[Klong int[m[Kâ€™} [[01;35m[K]8;;https://gcc.gnu.org/onlinedocs/gcc/Warning-Options.html#index-Wsign-compare-Wsign-compare]8;;[m[K]
 1218 |       while ([01;35m[Klast_imu_time_usec_ <= last_capture_time_usec_[m[K && !imu_stream_end_of_file_)
      |              [01;35m[K~~~~~~~~~~~~~~~~~~~~^~~~~~~~~~~~~~~~~~~~~~~~~~[m[K
[100%] [32m[1mLinking CXX executable azure_kinect_node[0m
/usr/bin/ld: /lib/x86_64-linux-gnu/libnetcdf.so.19: undefined reference to `curl_global_cleanup@CURL_OPENSSL_4'
/usr/bin/ld: /lib/libgdal.so.30: undefined reference to `curl_easy_getinfo@CURL_OPENSSL_4'
/usr/bin/ld: /lib/libgdal.so.30: undefined reference to `curl_multi_cleanup@CURL_OPENSSL_4'
/usr/bin/ld: /lib/libgdal.so.30: undefined reference to `curl_multi_perform@CURL_OPENSSL_4'
/usr/bin/ld: /lib/x86_64-linux-gnu/libnetcdf.so.19: undefined reference to `curl_global_init@CURL_OPENSSL_4'
/usr/bin/ld: /lib/libgdal.so.30: undefined reference to `curl_easy_perform@CURL_OPENSSL_4'
/usr/bin/ld: /lib/libgdal.so.30: undefined reference to `curl_mime_init@CURL_OPENSSL_4'
/usr/bin/ld: /lib/libgdal.so.30: undefined reference to `curl_easy_init@CURL_OPENSSL_4'
/usr/bin/ld: /lib/libgdal.so.30: undefined reference to `curl_multi_add_handle@CURL_OPENSSL_4'
/usr/bin/ld: /lib/libgdal.so.30: undefined reference to `curl_multi_remove_handle@CURL_OPENSSL_4'
/usr/bin/ld: /lib/libgdal.so.30: undefined reference to `curl_mime_addpart@CURL_OPENSSL_4'
/usr/bin/ld: /lib/libgdal.so.30: undefined reference to `curl_version_info@CURL_OPENSSL_4'
/usr/bin/ld: /lib/libgdal.so.30: undefined reference to `curl_mime_name@CURL_OPENSSL_4'
/usr/bin/ld: /lib/libgdal.so.30: undefined reference to `curl_mime_filename@CURL_OPENSSL_4'
/usr/bin/ld: /lib/libgdal.so.30: undefined reference to `curl_multi_info_read@CURL_OPENSSL_4'
/usr/bin/ld: /lib/libgdal.so.30: undefined reference to `curl_slist_free_all@CURL_OPENSSL_4'
/usr/bin/ld: /lib/x86_64-linux-gnu/libnetcdf.so.19: undefined reference to `curl_easy_strerror@CURL_OPENSSL_4'
/usr/bin/ld: /lib/libgdal.so.30: undefined reference to `curl_easy_setopt@CURL_OPENSSL_4'
/usr/bin/ld: /lib/libgdal.so.30: undefined reference to `curl_slist_append@CURL_OPENSSL_4'
/usr/bin/ld: /lib/libgdal.so.30: undefined reference to `curl_multi_poll@CURL_OPENSSL_4'
/usr/bin/ld: /lib/libgdal.so.30: undefined reference to `curl_version@CURL_OPENSSL_4'
/usr/bin/ld: /lib/libgdal.so.30: undefined reference to `curl_multi_setopt@CURL_OPENSSL_4'
/usr/bin/ld: /lib/libgdal.so.30: undefined reference to `curl_mime_data@CURL_OPENSSL_4'
/usr/bin/ld: /lib/libgdal.so.30: undefined reference to `curl_mime_free@CURL_OPENSSL_4'
/usr/bin/ld: /lib/libgdal.so.30: undefined reference to `curl_easy_cleanup@CURL_OPENSSL_4'
/usr/bin/ld: /lib/libgdal.so.30: undefined reference to `curl_multi_init@CURL_OPENSSL_4'
/usr/bin/ld: /lib/libgdal.so.30: undefined reference to `curl_mime_data_cb@CURL_OPENSSL_4'
/usr/bin/ld: /lib/libgdal.so.30: undefined reference to `curl_multi_wait@CURL_OPENSSL_4'
collect2: error: ld returned 1 exit status
gmake[2]: *** [CMakeFiles/azure_kinect_node.dir/build.make:260: azure_kinect_node] Error 1
gmake[1]: *** [CMakeFiles/Makefile2:140: CMakeFiles/azure_kinect_node.dir/all] Error 2
gmake: *** [Makefile:146: all] Error 2
